<?xml version="1.0" encoding="UTF-8"?>
<!-- Generated by org.testng.reporters.JUnitReportReporter -->
<testsuite hostname="Robin" failures="0" tests="1" name="com.ecommercedemo.qa.testcases.MyAccountTest$MyAccount" time="41.975" errors="0" timestamp="2023-11-01T11:02:28 IST" skipped="0">
  <testcase classname="com.ecommercedemo.qa.testcases.MyAccountTest$MyAccount" name="editFirstNameTextField" time="41.975"/>
</testsuite> <!-- com.ecommercedemo.qa.testcases.MyAccountTest$MyAccount -->
