<?xml version="1.0" encoding="UTF-8"?>
<!-- Generated by org.testng.reporters.JUnitReportReporter -->
<testsuite hostname="Robin" failures="0" tests="4" name="com.ecommercedemo.qa.testcases.SearchTest" time="115.314" errors="0" timestamp="2023-10-28T14:31:06 IST" skipped="0">
  <testcase classname="com.ecommercedemo.qa.testcases.SearchTest" name="verfiySearchWithValidProduct" time="28.121"/>
  <testcase classname="com.ecommercedemo.qa.testcases.SearchTest" name="verfiySearchWithAnotherValidProduct" time="29.558"/>
  <testcase classname="com.ecommercedemo.qa.testcases.SearchTest" name="verifySearchWithInvalidProduct" time="29.032"/>
  <testcase classname="com.ecommercedemo.qa.testcases.SearchTest" name="verifySearchWithNoProduct" time="28.603"/>
</testsuite> <!-- com.ecommercedemo.qa.testcases.SearchTest -->
