<?xml version="1.0" encoding="UTF-8"?>
<!-- Generated by org.testng.reporters.JUnitReportReporter -->
<testsuite hostname="Robin" failures="0" tests="4" name="com.ecommercedemo.qa.testcases.SearchTest" time="98.356" errors="0" timestamp="2023-10-30T19:57:51 IST" skipped="0">
  <testcase classname="com.ecommercedemo.qa.testcases.SearchTest" name="verfiySearchWithValidProduct" time="23.386"/>
  <testcase classname="com.ecommercedemo.qa.testcases.SearchTest" name="verfiySearchWithAnotherValidProduct" time="23.883"/>
  <testcase classname="com.ecommercedemo.qa.testcases.SearchTest" name="verifySearchWithInvalidProduct" time="26.785"/>
  <testcase classname="com.ecommercedemo.qa.testcases.SearchTest" name="verifySearchWithNoProduct" time="24.302"/>
</testsuite> <!-- com.ecommercedemo.qa.testcases.SearchTest -->
