<?xml version="1.0" encoding="UTF-8"?>
<!-- Generated by org.testng.reporters.JUnitReportReporter -->
<testsuite hostname="Robin" failures="0" tests="6" name="com.ecommercedemo.qa.testcases.LoginTest" time="185.153" errors="0" timestamp="2023-10-30T19:57:51 IST" skipped="0">
  <testcase classname="com.ecommercedemo.qa.testcases.LoginTest" name="verifyLoginWithValidCredentials" time="29.328"/>
  <testcase classname="com.ecommercedemo.qa.testcases.LoginTest" name="verifyLoginWithValidCredentials" time="28.106"/>
  <testcase classname="com.ecommercedemo.qa.testcases.LoginTest" name="verifyLoginWithInvalidCredentials" time="29.969"/>
  <testcase classname="com.ecommercedemo.qa.testcases.LoginTest" name="verifyLoginWithInvalidEmailAndValidPassword" time="29.930"/>
  <testcase classname="com.ecommercedemo.qa.testcases.LoginTest" name="verifyLoginWithValidEmailAndInvalidPassword" time="31.297"/>
  <testcase classname="com.ecommercedemo.qa.testcases.LoginTest" name="verifyLoginWithoutProvidingCredentials" time="36.523"/>
</testsuite> <!-- com.ecommercedemo.qa.testcases.LoginTest -->
