<?xml version="1.0" encoding="UTF-8"?>
<!-- Generated by org.testng.reporters.JUnitReportReporter -->
<testsuite hostname="Robin" failures="0" tests="4" name="com.ecommercedemo.qa.testcases.RegistrationTest" time="98.450" errors="0" timestamp="2023-10-30T19:57:51 IST" skipped="0">
  <testcase classname="com.ecommercedemo.qa.testcases.RegistrationTest" name="verifyRegistrationWithMandatoryFields" time="23.527"/>
  <testcase classname="com.ecommercedemo.qa.testcases.RegistrationTest" name="verifyRegistrationWithAllFields" time="28.138"/>
  <testcase classname="com.ecommercedemo.qa.testcases.RegistrationTest" name="verifyRegistrationWithExistingAccount" time="22.964"/>
  <testcase classname="com.ecommercedemo.qa.testcases.RegistrationTest" name="verifyRegistrationWithoutEnteringAnyFields" time="23.821"/>
</testsuite> <!-- com.ecommercedemo.qa.testcases.RegistrationTest -->
